<?xml version="1.0" encoding="UTF-8"?>
<!-- Generated by org.testng.reporters.JUnitReportReporter -->
<testsuite hostname="Manishas-MacBook-Air.local" failures="0" tests="1" name="tests.LoginTest" time="2.676" errors="0" timestamp="2025-09-24T20:40:06 IST" skipped="0">
  <testcase classname="tests.LoginTest" name="loginTest" time="2.676"/>
</testsuite> <!-- tests.LoginTest -->
